<?xml version="1.0" encoding="UTF-8"?>
<!-- Generated by org.testng.reporters.JUnitReportReporter -->
<testsuite skipped="0" hostname="DESKTOP-V6LMOQI" name="qaclickacademy.AppTest" tests="1" failures="0" timestamp="2020-04-08T13:24:45 AST" time="0.018" errors="0">
  <testcase name="testApp" time="0.018" classname="qaclickacademy.AppTest"/>
  <system-out/>
</testsuite> <!-- qaclickacademy.AppTest -->
