<?xml version="1.0" encoding="UTF-8"?>
<!-- Generated by org.testng.reporters.JUnitReportReporter -->
<testsuite skipped="0" hostname="DESKTOP-V6LMOQI" name="qaclickacademy.SeleniumTest" tests="2" failures="0" timestamp="2020-04-08T12:48:22 AST" time="0.004" errors="0">
  <testcase name="BrowserAutomation" time="0.002" classname="qaclickacademy.SeleniumTest"/>
  <system-out/>
  <testcase name="elementsUI" time="0.002" classname="qaclickacademy.SeleniumTest"/>
  <system-out/>
</testsuite> <!-- qaclickacademy.SeleniumTest -->
